# JRE version: Java(TM) SE Runtime Environment (13.0.1+9) (build 13.0.1+9)
# Java VM: Java HotSpot(TM) 64-Bit Server VM (13.0.1+9, mixed mode, sharing, tiered, compressed oops, g1 gc, windows-amd64)
Heap:
 garbage-first heap   total 59392K, used 26829K [0x0000000081a00000, 0x0000000100000000)
  region size 1024K, 5 young (5120K), 3 survivors (3072K)
 Metaspace       used 58078K, capacity 59564K, committed 59804K, reserved 1101824K
  class space    used 7610K, capacity 8193K, committed 8268K, reserved 1048576K
GC Heap History (20 events):
Event: 6.350 GC heap before
{Heap before GC invocations=15 (full 0):
 garbage-first heap   total 49152K, used 29095K [0x0000000081a00000, 0x0000000100000000)
  region size 1024K, 12 young (12288K), 1 survivors (1024K)
 Metaspace       used 37343K, capacity 38274K, committed 38556K, reserved 1083392K
  class space    used 4938K, capacity 5314K, committed 5452K, reserved 1048576K
}
Event: 6.351 GC heap after
{Heap after GC invocations=16 (full 0):
 garbage-first heap   total 49152K, used 17935K [0x0000000081a00000, 0x0000000100000000)
  region size 1024K, 1 young (1024K), 1 survivors (1024K)
 Metaspace       used 37343K, capacity 38274K, committed 38556K, reserved 1083392K
  class space    used 4938K, capacity 5314K, committed 5452K, reserved 1048576K
}
Event: 6.709 GC heap before
{Heap before GC invocations=16 (full 0):
 garbage-first heap   total 49152K, used 29199K [0x0000000081a00000, 0x0000000100000000)
  region size 1024K, 13 young (13312K), 1 survivors (1024K)
 Metaspace       used 40338K, capacity 41334K, committed 41500K, reserved 1085440K
  class space    used 5330K, capacity 5736K, committed 5836K, reserved 1048576K
}
Event: 6.712 GC heap after
{Heap after GC invocations=17 (full 0):
 garbage-first heap   total 49152K, used 18597K [0x0000000081a00000, 0x0000000100000000)
  region size 1024K, 2 young (2048K), 2 survivors (2048K)
 Metaspace       used 40338K, capacity 41334K, committed 41500K, reserved 1085440K
  class space    used 5330K, capacity 5736K, committed 5836K, reserved 1048576K
}
Event: 7.073 GC heap before
{Heap before GC invocations=17 (full 0):
 garbage-first heap   total 49152K, used 31909K [0x0000000081a00000, 0x0000000100000000)
  region size 1024K, 15 young (15360K), 2 survivors (2048K)
 Metaspace       used 42966K, capacity 43932K, committed 44188K, reserved 1087488K
  class space    used 5725K, capacity 6132K, committed 6220K, reserved 1048576K
}
Event: 7.078 GC heap after
{Heap after GC invocations=18 (full 0):
 garbage-first heap   total 49152K, used 19144K [0x0000000081a00000, 0x0000000100000000)
  region size 1024K, 2 young (2048K), 2 survivors (2048K)
 Metaspace       used 42966K, capacity 43932K, committed 44188K, reserved 1087488K
  class space    used 5725K, capacity 6132K, committed 6220K, reserved 1048576K
}
Event: 7.461 GC heap before
{Heap before GC invocations=18 (full 0):
 garbage-first heap   total 49152K, used 33480K [0x0000000081a00000, 0x0000000100000000)
  region size 1024K, 16 young (16384K), 2 survivors (2048K)
 Metaspace       used 45418K, capacity 46396K, committed 46620K, reserved 1089536K
  class space    used 6113K, capacity 6498K, committed 6604K, reserved 1048576K
}
Event: 7.464 GC heap after
{Heap after GC invocations=19 (full 0):
 garbage-first heap   total 49152K, used 19660K [0x0000000081a00000, 0x0000000100000000)
  region size 1024K, 2 young (2048K), 2 survivors (2048K)
 Metaspace       used 45418K, capacity 46396K, committed 46620K, reserved 1089536K
  class space    used 6113K, capacity 6498K, committed 6604K, reserved 1048576K
}
Event: 7.842 GC heap before
{Heap before GC invocations=19 (full 0):
 garbage-first heap   total 49152K, used 32972K [0x0000000081a00000, 0x0000000100000000)
  region size 1024K, 16 young (16384K), 2 survivors (2048K)
 Metaspace       used 47842K, capacity 49005K, committed 49308K, reserved 1091584K
  class space    used 6437K, capacity 6878K, committed 6988K, reserved 1048576K
}
Event: 7.846 GC heap after
{Heap after GC invocations=20 (full 0):
 garbage-first heap   total 49152K, used 20739K [0x0000000081a00000, 0x0000000100000000)
  region size 1024K, 2 young (2048K), 2 survivors (2048K)
 Metaspace       used 47842K, capacity 49005K, committed 49308K, reserved 1091584K
  class space    used 6437K, capacity 6878K, committed 6988K, reserved 1048576K
}
Event: 8.326 GC heap before
{Heap before GC invocations=20 (full 0):
 garbage-first heap   total 49152K, used 36099K [0x0000000081a00000, 0x0000000100000000)
  region size 1024K, 17 young (17408K), 2 survivors (2048K)
 Metaspace       used 48840K, capacity 50044K, committed 50204K, reserved 1093632K
  class space    used 6567K, capacity 7044K, committed 7116K, reserved 1048576K
}
Event: 8.331 GC heap after
{Heap after GC invocations=21 (full 0):
 garbage-first heap   total 49152K, used 21736K [0x0000000081a00000, 0x0000000100000000)
  region size 1024K, 3 young (3072K), 3 survivors (3072K)
 Metaspace       used 48840K, capacity 50044K, committed 50204K, reserved 1093632K
  class space    used 6567K, capacity 7044K, committed 7116K, reserved 1048576K
}
Event: 8.745 GC heap before
{Heap before GC invocations=21 (full 0):
 garbage-first heap   total 49152K, used 36072K [0x0000000081a00000, 0x0000000100000000)
  region size 1024K, 17 young (17408K), 3 survivors (3072K)
 Metaspace       used 49311K, capacity 50601K, committed 50716K, reserved 1093632K
  class space    used 6617K, capacity 7094K, committed 7116K, reserved 1048576K
}
Event: 8.751 GC heap after
{Heap after GC invocations=22 (full 0):
 garbage-first heap   total 59392K, used 22209K [0x0000000081a00000, 0x0000000100000000)
  region size 1024K, 2 young (2048K), 2 survivors (2048K)
 Metaspace       used 49311K, capacity 50601K, committed 50716K, reserved 1093632K
  class space    used 6617K, capacity 7094K, committed 7116K, reserved 1048576K
}
Event: 10.097 GC heap before
{Heap before GC invocations=22 (full 0):
 garbage-first heap   total 59392K, used 41665K [0x0000000081a00000, 0x0000000100000000)
  region size 1024K, 21 young (21504K), 2 survivors (2048K)
 Metaspace       used 51299K, capacity 52652K, committed 52892K, reserved 1095680K
  class space    used 6880K, capacity 7433K, committed 7500K, reserved 1048576K
}
Event: 10.104 GC heap after
{Heap after GC invocations=23 (full 0):
 garbage-first heap   total 59392K, used 23814K [0x0000000081a00000, 0x0000000100000000)
  region size 1024K, 3 young (3072K), 3 survivors (3072K)
 Metaspace       used 51299K, capacity 52652K, committed 52892K, reserved 1095680K
  class space    used 6880K, capacity 7433K, committed 7500K, reserved 1048576K
}
Event: 21.863 GC heap before
{Heap before GC invocations=23 (full 0):
 garbage-first heap   total 59392K, used 42246K [0x0000000081a00000, 0x0000000100000000)
  region size 1024K, 22 young (22528K), 3 survivors (3072K)
 Metaspace       used 55607K, capacity 57033K, committed 57244K, reserved 1099776K
  class space    used 7365K, capacity 7888K, committed 8012K, reserved 1048576K
}
Event: 21.871 GC heap after
{Heap after GC invocations=24 (full 0):
 garbage-first heap   total 59392K, used 24716K [0x0000000081a00000, 0x0000000100000000)
  region size 1024K, 2 young (2048K), 2 survivors (2048K)
 Metaspace       used 55607K, capacity 57033K, committed 57244K, reserved 1099776K
  class space    used 7365K, capacity 7888K, committed 8012K, reserved 1048576K
}
Event: 6920.250 GC heap before
{Heap before GC invocations=24 (full 0):
 garbage-first heap   total 59392K, used 43148K [0x0000000081a00000, 0x0000000100000000)
  region size 1024K, 20 young (20480K), 2 survivors (2048K)
 Metaspace       used 57865K, capacity 59330K, committed 59548K, reserved 1101824K
  class space    used 7582K, capacity 8159K, committed 8268K, reserved 1048576K
}
Event: 6920.492 GC heap after
{Heap after GC invocations=25 (full 0):
 garbage-first heap   total 59392K, used 25805K [0x0000000081a00000, 0x0000000100000000)
  region size 1024K, 3 young (3072K), 3 survivors (3072K)
 Metaspace       used 57865K, capacity 59330K, committed 59548K, reserved 1101824K
  class space    used 7582K, capacity 8159K, committed 8268K, reserved 1048576K
}

